<?xml version="1.0" encoding="UTF-8"?>
<!-- Generated by org.testng.reporters.JUnitXMLReporter -->
<testsuite ignored="0" hostname="LAPTOP-242V70TT" failures="3" tests="15" name="Test" time="108.104" errors="0" timestamp="2025-08-11T15:40:59 IST">
  <testcase classname="com.orange.hrm.application.tests.ApplicationTest" name="verifyLogoisDisplayed" time="7.02"/>
  <testcase classname="com.orange.hrm.application.tests.ApplicationTest" name="verifyapplicationHeader" time="4.352"/>
  <testcase classname="com.orange.hrm.application.tests.ApplicationTest" name="verifyLoginDemoCredentials" time="3.826"/>
  <testcase classname="com.orange.hrm.application.tests.ApplicationTest" name="verifyloginform" time="6.813"/>
  <testcase classname="com.orange.hrm.application.tests.ApplicationTest" name="loginToApplication" time="7.176"/>
  <testcase classname="com.orange.hrm.application.tests.ApplicationTest" name="loginUsingPropertyFile" time="4.726"/>
  <testcase classname="com.orange.hrm.application.tests.ApplicationTest" name="loginUsingExcelFile" time="7.298"/>
  <testcase classname="com.orange.hrm.application.tests.ApplicationTest" name="loginUsingExcelFile" time="4.341"/>
  <testcase classname="com.orange.hrm.application.tests.ApplicationTest" name="loginUsingExcelFile" time="4.241"/>
  <testcase classname="com.orange.hrm.application.tests.ApplicationTest" name="loginUsingExcelFile" time="3.696">
    <failure type="java.lang.IllegalArgumentException" message="Keys to send should be a not null CharSequence">
      <![CDATA[java.lang.IllegalArgumentException: Keys to send should be a not null CharSequence
at org.openqa.selenium.remote.RemoteWebElement.sendKeys(RemoteWebElement.java:96)
at org.openqa.selenium.support.pagefactory.internal.LocatingElementHandler.invoke(LocatingElementHandler.java:51)
at jdk.proxy2/jdk.proxy2.$Proxy17.sendKeys(Unknown Source)
at com.orange.hrm.framework.webcommons.WebCommons.enterText(WebCommons.java:102)
at com.orange.hrm.application.steps.LoginPageSteps.loginusingexcelfile(LoginPageSteps.java:142)
at com.orange.hrm.application.tests.ApplicationTest.loginUsingExcelFile(ApplicationTest.java:52)
at java.base/java.util.ArrayList.forEach(ArrayList.java:1596)
... Removed 27 stack frames]]>
    </failure>
  </testcase> <!-- loginUsingExcelFile -->
  <testcase classname="com.orange.hrm.application.tests.ApplicationTest" name="verifyLoginWithInvalidCredentials" time="5.812"/>
  <testcase classname="com.orange.hrm.application.tests.ApplicationTest" name="verifyHomePageMenus" time="7.63"/>
  <testcase classname="com.orange.hrm.application.tests.ApplicationTest" name="searchEmployee" time="7.752"/>
  <testcase classname="com.orange.hrm.application.tests.ApplicationTest" name="verifyAdminpageSearchFunctionality" time="5.953">
    <failure type="java.lang.NullPointerException" message="Cannot invoke &amp;quot;org.openqa.selenium.WebElement.click()&amp;quot; because &amp;quot;this.adminmenuIcon&amp;quot; is null">
      <![CDATA[java.lang.NullPointerException: Cannot invoke "org.openqa.selenium.WebElement.click()" because "this.adminmenuIcon" is null
at com.orange.hrm.application.steps.AdminPageSteps.clickAdminMenuIcon(AdminPageSteps.java:10)
at com.orange.hrm.application.tests.ApplicationTest.verifyAdminpageSearchFunctionality(ApplicationTest.java:81)
at java.base/java.util.ArrayList.forEach(ArrayList.java:1596)
... Removed 25 stack frames]]>
    </failure>
  </testcase> <!-- verifyAdminpageSearchFunctionality -->
  <testcase classname="com.orange.hrm.application.tests.ApplicationTest" name="verifyAdminpageResetFunctionality" time="5.842">
    <failure type="java.lang.NullPointerException" message="Cannot invoke &amp;quot;org.openqa.selenium.WebElement.click()&amp;quot; because &amp;quot;this.adminmenuIcon&amp;quot; is null">
      <![CDATA[java.lang.NullPointerException: Cannot invoke "org.openqa.selenium.WebElement.click()" because "this.adminmenuIcon" is null
at com.orange.hrm.application.steps.AdminPageSteps.clickAdminMenuIcon(AdminPageSteps.java:10)
at com.orange.hrm.application.tests.ApplicationTest.verifyAdminpageResetFunctionality(ApplicationTest.java:89)
at java.base/java.util.ArrayList.forEach(ArrayList.java:1596)
... Removed 25 stack frames]]>
    </failure>
  </testcase> <!-- verifyAdminpageResetFunctionality -->
</testsuite> <!-- Test -->
