<?xml version="1.0" encoding="UTF-8"?>
<testng-results ignored="0" total="15" passed="12" failed="3" skipped="0">
  <reporter-output>
  </reporter-output>
  <suite started-at="2025-08-11T15:39:11 IST" name="Suite" finished-at="2025-08-11T15:40:59 IST" duration-ms="108104">
    <groups>
    </groups>
    <test started-at="2025-08-11T15:39:11 IST" name="Test" finished-at="2025-08-11T15:40:59 IST" duration-ms="108104">
      <class name="com.orange.hrm.application.tests.ApplicationTest">
        <test-method is-config="true" signature="setupReport()[pri:0, instance:com.orange.hrm.application.tests.ApplicationTest@2925bf5b]" started-at="2025-08-11T15:39:11 IST" name="setupReport" finished-at="2025-08-11T15:39:11 IST" duration-ms="309" status="PASS">
          <reporter-output>
          </reporter-output>
        </test-method> <!-- setupReport -->
        <test-method is-config="true" signature="setupBrowser(java.lang.String)[pri:0, instance:com.orange.hrm.application.tests.ApplicationTest@2925bf5b]" started-at="2025-08-11T15:39:11 IST" name="setupBrowser" finished-at="2025-08-11T15:39:15 IST" duration-ms="3867" status="PASS">
          <params>
            <param index="0">
              <value>
                <![CDATA[chrome]]>
              </value>
            </param>
          </params>
          <reporter-output>
          </reporter-output>
        </test-method> <!-- setupBrowser -->
        <test-method is-config="true" signature="initializePageClasses()[pri:0, instance:com.orange.hrm.application.tests.ApplicationTest@2925bf5b]" started-at="2025-08-11T15:39:15 IST" name="initializePageClasses" finished-at="2025-08-11T15:39:15 IST" depends-on-methods="com.orange.hrm.framework.base.BasePage.setupBrowser" duration-ms="49" status="PASS">
          <reporter-output>
          </reporter-output>
        </test-method> <!-- initializePageClasses -->
        <test-method signature="verifyLogoisDisplayed()[pri:1, instance:com.orange.hrm.application.tests.ApplicationTest@2925bf5b]" started-at="2025-08-11T15:39:15 IST" name="verifyLogoisDisplayed" finished-at="2025-08-11T15:39:22 IST" duration-ms="7020" status="PASS">
          <reporter-output>
          </reporter-output>
        </test-method> <!-- verifyLogoisDisplayed -->
        <test-method is-config="true" signature="tearDown()[pri:0, instance:com.orange.hrm.application.tests.ApplicationTest@2925bf5b]" started-at="2025-08-11T15:39:22 IST" name="tearDown" finished-at="2025-08-11T15:39:22 IST" duration-ms="250" status="PASS">
          <reporter-output>
          </reporter-output>
        </test-method> <!-- tearDown -->
        <test-method is-config="true" signature="setupBrowser(java.lang.String)[pri:0, instance:com.orange.hrm.application.tests.ApplicationTest@2925bf5b]" started-at="2025-08-11T15:39:22 IST" name="setupBrowser" finished-at="2025-08-11T15:39:23 IST" duration-ms="938" status="PASS">
          <params>
            <param index="0">
              <value>
                <![CDATA[chrome]]>
              </value>
            </param>
          </params>
          <reporter-output>
          </reporter-output>
        </test-method> <!-- setupBrowser -->
        <test-method is-config="true" signature="initializePageClasses()[pri:0, instance:com.orange.hrm.application.tests.ApplicationTest@2925bf5b]" started-at="2025-08-11T15:39:23 IST" name="initializePageClasses" finished-at="2025-08-11T15:39:23 IST" depends-on-methods="com.orange.hrm.framework.base.BasePage.setupBrowser" duration-ms="4" status="PASS">
          <reporter-output>
          </reporter-output>
        </test-method> <!-- initializePageClasses -->
        <test-method signature="verifyapplicationHeader()[pri:2, instance:com.orange.hrm.application.tests.ApplicationTest@2925bf5b]" started-at="2025-08-11T15:39:23 IST" name="verifyapplicationHeader" finished-at="2025-08-11T15:39:28 IST" duration-ms="4352" status="PASS">
          <reporter-output>
          </reporter-output>
        </test-method> <!-- verifyapplicationHeader -->
        <test-method is-config="true" signature="tearDown()[pri:0, instance:com.orange.hrm.application.tests.ApplicationTest@2925bf5b]" started-at="2025-08-11T15:39:28 IST" name="tearDown" finished-at="2025-08-11T15:39:28 IST" duration-ms="176" status="PASS">
          <reporter-output>
          </reporter-output>
        </test-method> <!-- tearDown -->
        <test-method is-config="true" signature="setupBrowser(java.lang.String)[pri:0, instance:com.orange.hrm.application.tests.ApplicationTest@2925bf5b]" started-at="2025-08-11T15:39:28 IST" name="setupBrowser" finished-at="2025-08-11T15:39:29 IST" duration-ms="937" status="PASS">
          <params>
            <param index="0">
              <value>
                <![CDATA[chrome]]>
              </value>
            </param>
          </params>
          <reporter-output>
          </reporter-output>
        </test-method> <!-- setupBrowser -->
        <test-method is-config="true" signature="initializePageClasses()[pri:0, instance:com.orange.hrm.application.tests.ApplicationTest@2925bf5b]" started-at="2025-08-11T15:39:29 IST" name="initializePageClasses" finished-at="2025-08-11T15:39:29 IST" depends-on-methods="com.orange.hrm.framework.base.BasePage.setupBrowser" duration-ms="6" status="PASS">
          <reporter-output>
          </reporter-output>
        </test-method> <!-- initializePageClasses -->
        <test-method signature="verifyLoginDemoCredentials()[pri:3, instance:com.orange.hrm.application.tests.ApplicationTest@2925bf5b]" started-at="2025-08-11T15:39:29 IST" name="verifyLoginDemoCredentials" finished-at="2025-08-11T15:39:33 IST" duration-ms="3826" status="PASS">
          <reporter-output>
          </reporter-output>
        </test-method> <!-- verifyLoginDemoCredentials -->
        <test-method is-config="true" signature="tearDown()[pri:0, instance:com.orange.hrm.application.tests.ApplicationTest@2925bf5b]" started-at="2025-08-11T15:39:33 IST" name="tearDown" finished-at="2025-08-11T15:39:33 IST" duration-ms="164" status="PASS">
          <reporter-output>
          </reporter-output>
        </test-method> <!-- tearDown -->
        <test-method is-config="true" signature="setupBrowser(java.lang.String)[pri:0, instance:com.orange.hrm.application.tests.ApplicationTest@2925bf5b]" started-at="2025-08-11T15:39:33 IST" name="setupBrowser" finished-at="2025-08-11T15:39:34 IST" duration-ms="923" status="PASS">
          <params>
            <param index="0">
              <value>
                <![CDATA[chrome]]>
              </value>
            </param>
          </params>
          <reporter-output>
          </reporter-output>
        </test-method> <!-- setupBrowser -->
        <test-method is-config="true" signature="initializePageClasses()[pri:0, instance:com.orange.hrm.application.tests.ApplicationTest@2925bf5b]" started-at="2025-08-11T15:39:34 IST" name="initializePageClasses" finished-at="2025-08-11T15:39:34 IST" depends-on-methods="com.orange.hrm.framework.base.BasePage.setupBrowser" duration-ms="3" status="PASS">
          <reporter-output>
          </reporter-output>
        </test-method> <!-- initializePageClasses -->
        <test-method signature="verifyloginform()[pri:4, instance:com.orange.hrm.application.tests.ApplicationTest@2925bf5b]" started-at="2025-08-11T15:39:34 IST" name="verifyloginform" finished-at="2025-08-11T15:39:41 IST" duration-ms="6813" status="PASS">
          <reporter-output>
          </reporter-output>
        </test-method> <!-- verifyloginform -->
        <test-method is-config="true" signature="tearDown()[pri:0, instance:com.orange.hrm.application.tests.ApplicationTest@2925bf5b]" started-at="2025-08-11T15:39:41 IST" name="tearDown" finished-at="2025-08-11T15:39:41 IST" duration-ms="192" status="PASS">
          <reporter-output>
          </reporter-output>
        </test-method> <!-- tearDown -->
        <test-method is-config="true" signature="setupBrowser(java.lang.String)[pri:0, instance:com.orange.hrm.application.tests.ApplicationTest@2925bf5b]" started-at="2025-08-11T15:39:41 IST" name="setupBrowser" finished-at="2025-08-11T15:39:42 IST" duration-ms="864" status="PASS">
          <params>
            <param index="0">
              <value>
                <![CDATA[chrome]]>
              </value>
            </param>
          </params>
          <reporter-output>
          </reporter-output>
        </test-method> <!-- setupBrowser -->
        <test-method is-config="true" signature="initializePageClasses()[pri:0, instance:com.orange.hrm.application.tests.ApplicationTest@2925bf5b]" started-at="2025-08-11T15:39:42 IST" name="initializePageClasses" finished-at="2025-08-11T15:39:42 IST" depends-on-methods="com.orange.hrm.framework.base.BasePage.setupBrowser" duration-ms="5" status="PASS">
          <reporter-output>
          </reporter-output>
        </test-method> <!-- initializePageClasses -->
        <test-method signature="loginToApplication()[pri:5, instance:com.orange.hrm.application.tests.ApplicationTest@2925bf5b]" started-at="2025-08-11T15:39:42 IST" name="loginToApplication" finished-at="2025-08-11T15:39:49 IST" duration-ms="7176" status="PASS">
          <reporter-output>
          </reporter-output>
        </test-method> <!-- loginToApplication -->
        <test-method is-config="true" signature="tearDown()[pri:0, instance:com.orange.hrm.application.tests.ApplicationTest@2925bf5b]" started-at="2025-08-11T15:39:49 IST" name="tearDown" finished-at="2025-08-11T15:39:49 IST" duration-ms="199" status="PASS">
          <reporter-output>
          </reporter-output>
        </test-method> <!-- tearDown -->
        <test-method is-config="true" signature="setupBrowser(java.lang.String)[pri:0, instance:com.orange.hrm.application.tests.ApplicationTest@2925bf5b]" started-at="2025-08-11T15:39:49 IST" name="setupBrowser" finished-at="2025-08-11T15:39:50 IST" duration-ms="910" status="PASS">
          <params>
            <param index="0">
              <value>
                <![CDATA[chrome]]>
              </value>
            </param>
          </params>
          <reporter-output>
          </reporter-output>
        </test-method> <!-- setupBrowser -->
        <test-method is-config="true" signature="initializePageClasses()[pri:0, instance:com.orange.hrm.application.tests.ApplicationTest@2925bf5b]" started-at="2025-08-11T15:39:50 IST" name="initializePageClasses" finished-at="2025-08-11T15:39:50 IST" depends-on-methods="com.orange.hrm.framework.base.BasePage.setupBrowser" duration-ms="2" status="PASS">
          <reporter-output>
          </reporter-output>
        </test-method> <!-- initializePageClasses -->
        <test-method signature="loginUsingPropertyFile()[pri:6, instance:com.orange.hrm.application.tests.ApplicationTest@2925bf5b]" started-at="2025-08-11T15:39:50 IST" name="loginUsingPropertyFile" finished-at="2025-08-11T15:39:55 IST" duration-ms="4726" status="PASS">
          <reporter-output>
          </reporter-output>
        </test-method> <!-- loginUsingPropertyFile -->
        <test-method is-config="true" signature="tearDown()[pri:0, instance:com.orange.hrm.application.tests.ApplicationTest@2925bf5b]" started-at="2025-08-11T15:39:55 IST" name="tearDown" finished-at="2025-08-11T15:39:55 IST" duration-ms="176" status="PASS">
          <reporter-output>
          </reporter-output>
        </test-method> <!-- tearDown -->
        <test-method is-config="true" signature="setupBrowser(java.lang.String)[pri:0, instance:com.orange.hrm.application.tests.ApplicationTest@2925bf5b]" started-at="2025-08-11T15:39:56 IST" name="setupBrowser" finished-at="2025-08-11T15:39:57 IST" duration-ms="869" status="PASS">
          <params>
            <param index="0">
              <value>
                <![CDATA[chrome]]>
              </value>
            </param>
          </params>
          <reporter-output>
          </reporter-output>
        </test-method> <!-- setupBrowser -->
        <test-method is-config="true" signature="initializePageClasses()[pri:0, instance:com.orange.hrm.application.tests.ApplicationTest@2925bf5b]" started-at="2025-08-11T15:39:57 IST" name="initializePageClasses" finished-at="2025-08-11T15:39:57 IST" depends-on-methods="com.orange.hrm.framework.base.BasePage.setupBrowser" duration-ms="1" status="PASS">
          <reporter-output>
          </reporter-output>
        </test-method> <!-- initializePageClasses -->
        <test-method signature="loginUsingExcelFile(java.lang.String,java.lang.String)[pri:7, instance:com.orange.hrm.application.tests.ApplicationTest@2925bf5b]" started-at="2025-08-11T15:39:57 IST" name="loginUsingExcelFile" data-provider="TestData" finished-at="2025-08-11T15:40:04 IST" duration-ms="7298" status="PASS">
          <params>
            <param index="0">
              <value>
                <![CDATA[Admin]]>
              </value>
            </param>
            <param index="1">
              <value>
                <![CDATA[admin123]]>
              </value>
            </param>
          </params>
          <reporter-output>
          </reporter-output>
        </test-method> <!-- loginUsingExcelFile -->
        <test-method is-config="true" signature="tearDown()[pri:0, instance:com.orange.hrm.application.tests.ApplicationTest@2925bf5b]" started-at="2025-08-11T15:40:04 IST" name="tearDown" finished-at="2025-08-11T15:40:04 IST" duration-ms="209" status="PASS">
          <reporter-output>
          </reporter-output>
        </test-method> <!-- tearDown -->
        <test-method is-config="true" signature="setupBrowser(java.lang.String)[pri:0, instance:com.orange.hrm.application.tests.ApplicationTest@2925bf5b]" started-at="2025-08-11T15:40:04 IST" name="setupBrowser" finished-at="2025-08-11T15:40:05 IST" duration-ms="913" status="PASS">
          <params>
            <param index="0">
              <value>
                <![CDATA[chrome]]>
              </value>
            </param>
          </params>
          <reporter-output>
          </reporter-output>
        </test-method> <!-- setupBrowser -->
        <test-method is-config="true" signature="initializePageClasses()[pri:0, instance:com.orange.hrm.application.tests.ApplicationTest@2925bf5b]" started-at="2025-08-11T15:40:05 IST" name="initializePageClasses" finished-at="2025-08-11T15:40:05 IST" depends-on-methods="com.orange.hrm.framework.base.BasePage.setupBrowser" duration-ms="2" status="PASS">
          <reporter-output>
          </reporter-output>
        </test-method> <!-- initializePageClasses -->
        <test-method signature="loginUsingExcelFile(java.lang.String,java.lang.String)[pri:7, instance:com.orange.hrm.application.tests.ApplicationTest@2925bf5b]" started-at="2025-08-11T15:40:05 IST" name="loginUsingExcelFile" data-provider="TestData" finished-at="2025-08-11T15:40:10 IST" duration-ms="4341" status="PASS">
          <params>
            <param index="0">
              <value>
                <![CDATA[KomalAdmin]]>
              </value>
            </param>
            <param index="1">
              <value>
                <![CDATA[Komal@123]]>
              </value>
            </param>
          </params>
          <reporter-output>
          </reporter-output>
        </test-method> <!-- loginUsingExcelFile -->
        <test-method is-config="true" signature="tearDown()[pri:0, instance:com.orange.hrm.application.tests.ApplicationTest@2925bf5b]" started-at="2025-08-11T15:40:10 IST" name="tearDown" finished-at="2025-08-11T15:40:10 IST" duration-ms="192" status="PASS">
          <reporter-output>
          </reporter-output>
        </test-method> <!-- tearDown -->
        <test-method is-config="true" signature="setupBrowser(java.lang.String)[pri:0, instance:com.orange.hrm.application.tests.ApplicationTest@2925bf5b]" started-at="2025-08-11T15:40:10 IST" name="setupBrowser" finished-at="2025-08-11T15:40:11 IST" duration-ms="876" status="PASS">
          <params>
            <param index="0">
              <value>
                <![CDATA[chrome]]>
              </value>
            </param>
          </params>
          <reporter-output>
          </reporter-output>
        </test-method> <!-- setupBrowser -->
        <test-method is-config="true" signature="initializePageClasses()[pri:0, instance:com.orange.hrm.application.tests.ApplicationTest@2925bf5b]" started-at="2025-08-11T15:40:11 IST" name="initializePageClasses" finished-at="2025-08-11T15:40:11 IST" depends-on-methods="com.orange.hrm.framework.base.BasePage.setupBrowser" duration-ms="3" status="PASS">
          <reporter-output>
          </reporter-output>
        </test-method> <!-- initializePageClasses -->
        <test-method signature="loginUsingExcelFile(java.lang.String,java.lang.String)[pri:7, instance:com.orange.hrm.application.tests.ApplicationTest@2925bf5b]" started-at="2025-08-11T15:40:11 IST" name="loginUsingExcelFile" data-provider="TestData" finished-at="2025-08-11T15:40:15 IST" duration-ms="4241" status="PASS">
          <params>
            <param index="0">
              <value>
                <![CDATA[Admin]]>
              </value>
            </param>
            <param index="1">
              <value>
                <![CDATA[adminaa]]>
              </value>
            </param>
          </params>
          <reporter-output>
          </reporter-output>
        </test-method> <!-- loginUsingExcelFile -->
        <test-method is-config="true" signature="tearDown()[pri:0, instance:com.orange.hrm.application.tests.ApplicationTest@2925bf5b]" started-at="2025-08-11T15:40:15 IST" name="tearDown" finished-at="2025-08-11T15:40:15 IST" duration-ms="190" status="PASS">
          <reporter-output>
          </reporter-output>
        </test-method> <!-- tearDown -->
        <test-method is-config="true" signature="setupBrowser(java.lang.String)[pri:0, instance:com.orange.hrm.application.tests.ApplicationTest@2925bf5b]" started-at="2025-08-11T15:40:15 IST" name="setupBrowser" finished-at="2025-08-11T15:40:16 IST" duration-ms="877" status="PASS">
          <params>
            <param index="0">
              <value>
                <![CDATA[chrome]]>
              </value>
            </param>
          </params>
          <reporter-output>
          </reporter-output>
        </test-method> <!-- setupBrowser -->
        <test-method is-config="true" signature="initializePageClasses()[pri:0, instance:com.orange.hrm.application.tests.ApplicationTest@2925bf5b]" started-at="2025-08-11T15:40:16 IST" name="initializePageClasses" finished-at="2025-08-11T15:40:16 IST" depends-on-methods="com.orange.hrm.framework.base.BasePage.setupBrowser" duration-ms="2" status="PASS">
          <reporter-output>
          </reporter-output>
        </test-method> <!-- initializePageClasses -->
        <test-method signature="loginUsingExcelFile(java.lang.String,java.lang.String)[pri:7, instance:com.orange.hrm.application.tests.ApplicationTest@2925bf5b]" started-at="2025-08-11T15:40:16 IST" name="loginUsingExcelFile" data-provider="TestData" finished-at="2025-08-11T15:40:20 IST" duration-ms="3696" status="FAIL">
          <params>
            <param index="0">
              <value is-null="true"/>
            </param>
            <param index="1">
              <value is-null="true"/>
            </param>
          </params>
          <exception class="java.lang.IllegalArgumentException">
            <message>
              <![CDATA[Keys to send should be a not null CharSequence]]>
            </message>
            <full-stacktrace>
              <![CDATA[java.lang.IllegalArgumentException: Keys to send should be a not null CharSequence
at org.openqa.selenium.remote.RemoteWebElement.sendKeys(RemoteWebElement.java:96)
at java.base/jdk.internal.reflect.DirectMethodHandleAccessor.invoke(DirectMethodHandleAccessor.java:103)
at java.base/java.lang.reflect.Method.invoke(Method.java:580)
at org.openqa.selenium.support.pagefactory.internal.LocatingElementHandler.invoke(LocatingElementHandler.java:51)
at jdk.proxy2/jdk.proxy2.$Proxy17.sendKeys(Unknown Source)
at com.orange.hrm.framework.webcommons.WebCommons.enterText(WebCommons.java:102)
at com.orange.hrm.application.steps.LoginPageSteps.loginusingexcelfile(LoginPageSteps.java:142)
at com.orange.hrm.application.tests.ApplicationTest.loginUsingExcelFile(ApplicationTest.java:52)
at java.base/jdk.internal.reflect.DirectMethodHandleAccessor.invoke(DirectMethodHandleAccessor.java:103)
at java.base/java.lang.reflect.Method.invoke(Method.java:580)
at org.testng.internal.invokers.MethodInvocationHelper.invokeMethod(MethodInvocationHelper.java:141)
at org.testng.internal.invokers.TestInvoker.invokeMethod(TestInvoker.java:687)
at org.testng.internal.invokers.TestInvoker.invokeTestMethod(TestInvoker.java:230)
at org.testng.internal.invokers.MethodRunner.runInSequence(MethodRunner.java:63)
at org.testng.internal.invokers.TestInvoker$MethodInvocationAgent.invoke(TestInvoker.java:995)
at org.testng.internal.invokers.TestInvoker.invokeTestMethods(TestInvoker.java:203)
at org.testng.internal.invokers.TestMethodWorker.invokeTestMethods(TestMethodWorker.java:154)
at org.testng.internal.invokers.TestMethodWorker.run(TestMethodWorker.java:134)
at java.base/java.util.ArrayList.forEach(ArrayList.java:1596)
at org.testng.TestRunner.privateRun(TestRunner.java:741)
at org.testng.TestRunner.run(TestRunner.java:616)
at org.testng.SuiteRunner.runTest(SuiteRunner.java:421)
at org.testng.SuiteRunner.runSequentially(SuiteRunner.java:413)
at org.testng.SuiteRunner.privateRun(SuiteRunner.java:373)
at org.testng.SuiteRunner.run(SuiteRunner.java:312)
at org.testng.SuiteRunnerWorker.runSuite(SuiteRunnerWorker.java:52)
at org.testng.SuiteRunnerWorker.run(SuiteRunnerWorker.java:95)
at org.testng.TestNG.runSuitesSequentially(TestNG.java:1274)
at org.testng.TestNG.runSuitesLocally(TestNG.java:1208)
at org.testng.TestNG.runSuites(TestNG.java:1112)
at org.testng.TestNG.run(TestNG.java:1079)
at org.testng.remote.AbstractRemoteTestNG.run(AbstractRemoteTestNG.java:115)
at org.testng.remote.RemoteTestNG.initAndRun(RemoteTestNG.java:293)
at org.testng.remote.RemoteTestNG.main(RemoteTestNG.java:91)
]]>
            </full-stacktrace>
          </exception> <!-- java.lang.IllegalArgumentException -->
          <reporter-output>
          </reporter-output>
        </test-method> <!-- loginUsingExcelFile -->
        <test-method is-config="true" signature="tearDown()[pri:0, instance:com.orange.hrm.application.tests.ApplicationTest@2925bf5b]" started-at="2025-08-11T15:40:20 IST" name="tearDown" finished-at="2025-08-11T15:40:20 IST" duration-ms="223" status="PASS">
          <reporter-output>
          </reporter-output>
        </test-method> <!-- tearDown -->
        <test-method is-config="true" signature="setupBrowser(java.lang.String)[pri:0, instance:com.orange.hrm.application.tests.ApplicationTest@2925bf5b]" started-at="2025-08-11T15:40:20 IST" name="setupBrowser" finished-at="2025-08-11T15:40:21 IST" duration-ms="895" status="PASS">
          <params>
            <param index="0">
              <value>
                <![CDATA[chrome]]>
              </value>
            </param>
          </params>
          <reporter-output>
          </reporter-output>
        </test-method> <!-- setupBrowser -->
        <test-method is-config="true" signature="initializePageClasses()[pri:0, instance:com.orange.hrm.application.tests.ApplicationTest@2925bf5b]" started-at="2025-08-11T15:40:21 IST" name="initializePageClasses" finished-at="2025-08-11T15:40:21 IST" depends-on-methods="com.orange.hrm.framework.base.BasePage.setupBrowser" duration-ms="2" status="PASS">
          <reporter-output>
          </reporter-output>
        </test-method> <!-- initializePageClasses -->
        <test-method signature="verifyLoginWithInvalidCredentials()[pri:8, instance:com.orange.hrm.application.tests.ApplicationTest@2925bf5b]" started-at="2025-08-11T15:40:21 IST" name="verifyLoginWithInvalidCredentials" finished-at="2025-08-11T15:40:27 IST" duration-ms="5812" status="PASS">
          <reporter-output>
          </reporter-output>
        </test-method> <!-- verifyLoginWithInvalidCredentials -->
        <test-method is-config="true" signature="tearDown()[pri:0, instance:com.orange.hrm.application.tests.ApplicationTest@2925bf5b]" started-at="2025-08-11T15:40:27 IST" name="tearDown" finished-at="2025-08-11T15:40:27 IST" duration-ms="211" status="PASS">
          <reporter-output>
          </reporter-output>
        </test-method> <!-- tearDown -->
        <test-method is-config="true" signature="setupBrowser(java.lang.String)[pri:0, instance:com.orange.hrm.application.tests.ApplicationTest@2925bf5b]" started-at="2025-08-11T15:40:27 IST" name="setupBrowser" finished-at="2025-08-11T15:40:28 IST" duration-ms="906" status="PASS">
          <params>
            <param index="0">
              <value>
                <![CDATA[chrome]]>
              </value>
            </param>
          </params>
          <reporter-output>
          </reporter-output>
        </test-method> <!-- setupBrowser -->
        <test-method is-config="true" signature="initializePageClasses()[pri:0, instance:com.orange.hrm.application.tests.ApplicationTest@2925bf5b]" started-at="2025-08-11T15:40:28 IST" name="initializePageClasses" finished-at="2025-08-11T15:40:28 IST" depends-on-methods="com.orange.hrm.framework.base.BasePage.setupBrowser" duration-ms="2" status="PASS">
          <reporter-output>
          </reporter-output>
        </test-method> <!-- initializePageClasses -->
        <test-method signature="verifyHomePageMenus()[pri:9, instance:com.orange.hrm.application.tests.ApplicationTest@2925bf5b]" started-at="2025-08-11T15:40:28 IST" name="verifyHomePageMenus" finished-at="2025-08-11T15:40:36 IST" duration-ms="7630" status="PASS">
          <reporter-output>
          </reporter-output>
        </test-method> <!-- verifyHomePageMenus -->
        <test-method is-config="true" signature="tearDown()[pri:0, instance:com.orange.hrm.application.tests.ApplicationTest@2925bf5b]" started-at="2025-08-11T15:40:36 IST" name="tearDown" finished-at="2025-08-11T15:40:36 IST" duration-ms="210" status="PASS">
          <reporter-output>
          </reporter-output>
        </test-method> <!-- tearDown -->
        <test-method is-config="true" signature="setupBrowser(java.lang.String)[pri:0, instance:com.orange.hrm.application.tests.ApplicationTest@2925bf5b]" started-at="2025-08-11T15:40:36 IST" name="setupBrowser" finished-at="2025-08-11T15:40:37 IST" duration-ms="935" status="PASS">
          <params>
            <param index="0">
              <value>
                <![CDATA[chrome]]>
              </value>
            </param>
          </params>
          <reporter-output>
          </reporter-output>
        </test-method> <!-- setupBrowser -->
        <test-method is-config="true" signature="initializePageClasses()[pri:0, instance:com.orange.hrm.application.tests.ApplicationTest@2925bf5b]" started-at="2025-08-11T15:40:37 IST" name="initializePageClasses" finished-at="2025-08-11T15:40:37 IST" depends-on-methods="com.orange.hrm.framework.base.BasePage.setupBrowser" duration-ms="2" status="PASS">
          <reporter-output>
          </reporter-output>
        </test-method> <!-- initializePageClasses -->
        <test-method signature="searchEmployee()[pri:10, instance:com.orange.hrm.application.tests.ApplicationTest@2925bf5b]" started-at="2025-08-11T15:40:37 IST" name="searchEmployee" finished-at="2025-08-11T15:40:44 IST" duration-ms="7752" status="PASS">
          <reporter-output>
          </reporter-output>
        </test-method> <!-- searchEmployee -->
        <test-method is-config="true" signature="tearDown()[pri:0, instance:com.orange.hrm.application.tests.ApplicationTest@2925bf5b]" started-at="2025-08-11T15:40:44 IST" name="tearDown" finished-at="2025-08-11T15:40:45 IST" duration-ms="218" status="PASS">
          <reporter-output>
          </reporter-output>
        </test-method> <!-- tearDown -->
        <test-method is-config="true" signature="setupBrowser(java.lang.String)[pri:0, instance:com.orange.hrm.application.tests.ApplicationTest@2925bf5b]" started-at="2025-08-11T15:40:45 IST" name="setupBrowser" finished-at="2025-08-11T15:40:46 IST" duration-ms="953" status="PASS">
          <params>
            <param index="0">
              <value>
                <![CDATA[chrome]]>
              </value>
            </param>
          </params>
          <reporter-output>
          </reporter-output>
        </test-method> <!-- setupBrowser -->
        <test-method is-config="true" signature="initializePageClasses()[pri:0, instance:com.orange.hrm.application.tests.ApplicationTest@2925bf5b]" started-at="2025-08-11T15:40:46 IST" name="initializePageClasses" finished-at="2025-08-11T15:40:46 IST" depends-on-methods="com.orange.hrm.framework.base.BasePage.setupBrowser" duration-ms="4" status="PASS">
          <reporter-output>
          </reporter-output>
        </test-method> <!-- initializePageClasses -->
        <test-method signature="verifyAdminpageSearchFunctionality()[pri:11, instance:com.orange.hrm.application.tests.ApplicationTest@2925bf5b]" started-at="2025-08-11T15:40:46 IST" name="verifyAdminpageSearchFunctionality" finished-at="2025-08-11T15:40:52 IST" duration-ms="5953" status="FAIL">
          <exception class="java.lang.NullPointerException">
            <message>
              <![CDATA[Cannot invoke "org.openqa.selenium.WebElement.click()" because "this.adminmenuIcon" is null]]>
            </message>
            <full-stacktrace>
              <![CDATA[java.lang.NullPointerException: Cannot invoke "org.openqa.selenium.WebElement.click()" because "this.adminmenuIcon" is null
at com.orange.hrm.application.steps.AdminPageSteps.clickAdminMenuIcon(AdminPageSteps.java:10)
at com.orange.hrm.application.tests.ApplicationTest.verifyAdminpageSearchFunctionality(ApplicationTest.java:81)
at java.base/jdk.internal.reflect.DirectMethodHandleAccessor.invoke(DirectMethodHandleAccessor.java:103)
at java.base/java.lang.reflect.Method.invoke(Method.java:580)
at org.testng.internal.invokers.MethodInvocationHelper.invokeMethod(MethodInvocationHelper.java:141)
at org.testng.internal.invokers.TestInvoker.invokeMethod(TestInvoker.java:687)
at org.testng.internal.invokers.TestInvoker.invokeTestMethod(TestInvoker.java:230)
at org.testng.internal.invokers.MethodRunner.runInSequence(MethodRunner.java:63)
at org.testng.internal.invokers.TestInvoker$MethodInvocationAgent.invoke(TestInvoker.java:995)
at org.testng.internal.invokers.TestInvoker.invokeTestMethods(TestInvoker.java:203)
at org.testng.internal.invokers.TestMethodWorker.invokeTestMethods(TestMethodWorker.java:154)
at org.testng.internal.invokers.TestMethodWorker.run(TestMethodWorker.java:134)
at java.base/java.util.ArrayList.forEach(ArrayList.java:1596)
at org.testng.TestRunner.privateRun(TestRunner.java:741)
at org.testng.TestRunner.run(TestRunner.java:616)
at org.testng.SuiteRunner.runTest(SuiteRunner.java:421)
at org.testng.SuiteRunner.runSequentially(SuiteRunner.java:413)
at org.testng.SuiteRunner.privateRun(SuiteRunner.java:373)
at org.testng.SuiteRunner.run(SuiteRunner.java:312)
at org.testng.SuiteRunnerWorker.runSuite(SuiteRunnerWorker.java:52)
at org.testng.SuiteRunnerWorker.run(SuiteRunnerWorker.java:95)
at org.testng.TestNG.runSuitesSequentially(TestNG.java:1274)
at org.testng.TestNG.runSuitesLocally(TestNG.java:1208)
at org.testng.TestNG.runSuites(TestNG.java:1112)
at org.testng.TestNG.run(TestNG.java:1079)
at org.testng.remote.AbstractRemoteTestNG.run(AbstractRemoteTestNG.java:115)
at org.testng.remote.RemoteTestNG.initAndRun(RemoteTestNG.java:293)
at org.testng.remote.RemoteTestNG.main(RemoteTestNG.java:91)
]]>
            </full-stacktrace>
          </exception> <!-- java.lang.NullPointerException -->
          <reporter-output>
          </reporter-output>
        </test-method> <!-- verifyAdminpageSearchFunctionality -->
        <test-method is-config="true" signature="tearDown()[pri:0, instance:com.orange.hrm.application.tests.ApplicationTest@2925bf5b]" started-at="2025-08-11T15:40:52 IST" name="tearDown" finished-at="2025-08-11T15:40:52 IST" duration-ms="198" status="PASS">
          <reporter-output>
          </reporter-output>
        </test-method> <!-- tearDown -->
        <test-method is-config="true" signature="setupBrowser(java.lang.String)[pri:0, instance:com.orange.hrm.application.tests.ApplicationTest@2925bf5b]" started-at="2025-08-11T15:40:52 IST" name="setupBrowser" finished-at="2025-08-11T15:40:53 IST" duration-ms="892" status="PASS">
          <params>
            <param index="0">
              <value>
                <![CDATA[chrome]]>
              </value>
            </param>
          </params>
          <reporter-output>
          </reporter-output>
        </test-method> <!-- setupBrowser -->
        <test-method is-config="true" signature="initializePageClasses()[pri:0, instance:com.orange.hrm.application.tests.ApplicationTest@2925bf5b]" started-at="2025-08-11T15:40:53 IST" name="initializePageClasses" finished-at="2025-08-11T15:40:53 IST" depends-on-methods="com.orange.hrm.framework.base.BasePage.setupBrowser" duration-ms="4" status="PASS">
          <reporter-output>
          </reporter-output>
        </test-method> <!-- initializePageClasses -->
        <test-method signature="verifyAdminpageResetFunctionality()[pri:12, instance:com.orange.hrm.application.tests.ApplicationTest@2925bf5b]" started-at="2025-08-11T15:40:53 IST" name="verifyAdminpageResetFunctionality" finished-at="2025-08-11T15:40:59 IST" duration-ms="5842" status="FAIL">
          <exception class="java.lang.NullPointerException">
            <message>
              <![CDATA[Cannot invoke "org.openqa.selenium.WebElement.click()" because "this.adminmenuIcon" is null]]>
            </message>
            <full-stacktrace>
              <![CDATA[java.lang.NullPointerException: Cannot invoke "org.openqa.selenium.WebElement.click()" because "this.adminmenuIcon" is null
at com.orange.hrm.application.steps.AdminPageSteps.clickAdminMenuIcon(AdminPageSteps.java:10)
at com.orange.hrm.application.tests.ApplicationTest.verifyAdminpageResetFunctionality(ApplicationTest.java:89)
at java.base/jdk.internal.reflect.DirectMethodHandleAccessor.invoke(DirectMethodHandleAccessor.java:103)
at java.base/java.lang.reflect.Method.invoke(Method.java:580)
at org.testng.internal.invokers.MethodInvocationHelper.invokeMethod(MethodInvocationHelper.java:141)
at org.testng.internal.invokers.TestInvoker.invokeMethod(TestInvoker.java:687)
at org.testng.internal.invokers.TestInvoker.invokeTestMethod(TestInvoker.java:230)
at org.testng.internal.invokers.MethodRunner.runInSequence(MethodRunner.java:63)
at org.testng.internal.invokers.TestInvoker$MethodInvocationAgent.invoke(TestInvoker.java:995)
at org.testng.internal.invokers.TestInvoker.invokeTestMethods(TestInvoker.java:203)
at org.testng.internal.invokers.TestMethodWorker.invokeTestMethods(TestMethodWorker.java:154)
at org.testng.internal.invokers.TestMethodWorker.run(TestMethodWorker.java:134)
at java.base/java.util.ArrayList.forEach(ArrayList.java:1596)
at org.testng.TestRunner.privateRun(TestRunner.java:741)
at org.testng.TestRunner.run(TestRunner.java:616)
at org.testng.SuiteRunner.runTest(SuiteRunner.java:421)
at org.testng.SuiteRunner.runSequentially(SuiteRunner.java:413)
at org.testng.SuiteRunner.privateRun(SuiteRunner.java:373)
at org.testng.SuiteRunner.run(SuiteRunner.java:312)
at org.testng.SuiteRunnerWorker.runSuite(SuiteRunnerWorker.java:52)
at org.testng.SuiteRunnerWorker.run(SuiteRunnerWorker.java:95)
at org.testng.TestNG.runSuitesSequentially(TestNG.java:1274)
at org.testng.TestNG.runSuitesLocally(TestNG.java:1208)
at org.testng.TestNG.runSuites(TestNG.java:1112)
at org.testng.TestNG.run(TestNG.java:1079)
at org.testng.remote.AbstractRemoteTestNG.run(AbstractRemoteTestNG.java:115)
at org.testng.remote.RemoteTestNG.initAndRun(RemoteTestNG.java:293)
at org.testng.remote.RemoteTestNG.main(RemoteTestNG.java:91)
]]>
            </full-stacktrace>
          </exception> <!-- java.lang.NullPointerException -->
          <reporter-output>
          </reporter-output>
        </test-method> <!-- verifyAdminpageResetFunctionality -->
        <test-method is-config="true" signature="tearDown()[pri:0, instance:com.orange.hrm.application.tests.ApplicationTest@2925bf5b]" started-at="2025-08-11T15:40:59 IST" name="tearDown" finished-at="2025-08-11T15:40:59 IST" duration-ms="198" status="PASS">
          <reporter-output>
          </reporter-output>
        </test-method> <!-- tearDown -->
      </class> <!-- com.orange.hrm.application.tests.ApplicationTest -->
    </test> <!-- Test -->
  </suite> <!-- Suite -->
</testng-results>
